16:00:23 **** Build of configuration Debug for project Lab1 ****
make all 
Building file: ../Static_Code/System/CPU_Init.c
Invoking: Cross ARM C Compiler
arm-none-eabi-gcc -mcpu=cortex-m4 -mthumb -mfloat-abi=hard -mfpu=fpv4-sp-d16 -O0 -fmessage-length=0 -fsigned-char -ffunction-sections -fdata-sections  -g3 -I"C:/Users/jmu09/workspace.kds/Lab1/Static_Code/System" -I"C:/Users/jmu09/workspace.kds/Lab1/Static_Code/PDD" -I"C:/Users/jmu09/workspace.kds/Lab1/Static_Code/IO_Map" -I"C:\Freescale\KDS_v3\eclipse\ProcessorExpert/lib/Kinetis/pdd/inc" -I"C:/Users/jmu09/workspace.kds/Lab1/Sources" -I"C:/Users/jmu09/workspace.kds/Lab1/Generated_Code" -std=c99 -MMD -MP -MF"Static_Code/System/CPU_Init.d" -MT"Static_Code/System/CPU_Init.o" -c -o "Static_Code/System/CPU_Init.o" "../Static_Code/System/CPU_Init.c"
Finished building: ../Static_Code/System/CPU_Init.c
 
Building file: ../Static_Code/System/Peripherals_Init.c
Invoking: Cross ARM C Compiler
arm-none-eabi-gcc -mcpu=cortex-m4 -mthumb -mfloat-abi=hard -mfpu=fpv4-sp-d16 -O0 -fmessage-length=0 -fsigned-char -ffunction-sections -fdata-sections  -g3 -I"C:/Users/jmu09/workspace.kds/Lab1/Static_Code/System" -I"C:/Users/jmu09/workspace.kds/Lab1/Static_Code/PDD" -I"C:/Users/jmu09/workspace.kds/Lab1/Static_Code/IO_Map" -I"C:\Freescale\KDS_v3\eclipse\ProcessorExpert/lib/Kinetis/pdd/inc" -I"C:/Users/jmu09/workspace.kds/Lab1/Sources" -I"C:/Users/jmu09/workspace.kds/Lab1/Generated_Code" -std=c99 -MMD -MP -MF"Static_Code/System/Peripherals_Init.d" -MT"Static_Code/System/Peripherals_Init.o" -c -o "Static_Code/System/Peripherals_Init.o" "../Static_Code/System/Peripherals_Init.c"
Finished building: ../Static_Code/System/Peripherals_Init.c
 
Building file: ../Static_Code/System/Vectors.c
Invoking: Cross ARM C Compiler
arm-none-eabi-gcc -mcpu=cortex-m4 -mthumb -mfloat-abi=hard -mfpu=fpv4-sp-d16 -O0 -fmessage-length=0 -fsigned-char -ffunction-sections -fdata-sections  -g3 -I"C:/Users/jmu09/workspace.kds/Lab1/Static_Code/System" -I"C:/Users/jmu09/workspace.kds/Lab1/Static_Code/PDD" -I"C:/Users/jmu09/workspace.kds/Lab1/Static_Code/IO_Map" -I"C:\Freescale\KDS_v3\eclipse\ProcessorExpert/lib/Kinetis/pdd/inc" -I"C:/Users/jmu09/workspace.kds/Lab1/Sources" -I"C:/Users/jmu09/workspace.kds/Lab1/Generated_Code" -std=c99 -MMD -MP -MF"Static_Code/System/Vectors.d" -MT"Static_Code/System/Vectors.o" -c -o "Static_Code/System/Vectors.o" "../Static_Code/System/Vectors.c"
Finished building: ../Static_Code/System/Vectors.c
 
Building file: ../Sources/Events.c
Invoking: Cross ARM C Compiler
arm-none-eabi-gcc -mcpu=cortex-m4 -mthumb -mfloat-abi=hard -mfpu=fpv4-sp-d16 -O0 -fmessage-length=0 -fsigned-char -ffunction-sections -fdata-sections  -g3 -I"C:/Users/jmu09/workspace.kds/Lab1/Static_Code/System" -I"C:/Users/jmu09/workspace.kds/Lab1/Static_Code/PDD" -I"C:/Users/jmu09/workspace.kds/Lab1/Static_Code/IO_Map" -I"C:\Freescale\KDS_v3\eclipse\ProcessorExpert/lib/Kinetis/pdd/inc" -I"C:/Users/jmu09/workspace.kds/Lab1/Sources" -I"C:/Users/jmu09/workspace.kds/Lab1/Generated_Code" -std=c99 -MMD -MP -MF"Sources/Events.d" -MT"Sources/Events.o" -c -o "Sources/Events.o" "../Sources/Events.c"
Finished building: ../Sources/Events.c
 
Building file: ../Sources/main.c
Invoking: Cross ARM C Compiler
arm-none-eabi-gcc -mcpu=cortex-m4 -mthumb -mfloat-abi=hard -mfpu=fpv4-sp-d16 -O0 -fmessage-length=0 -fsigned-char -ffunction-sections -fdata-sections  -g3 -I"C:/Users/jmu09/workspace.kds/Lab1/Static_Code/System" -I"C:/Users/jmu09/workspace.kds/Lab1/Static_Code/PDD" -I"C:/Users/jmu09/workspace.kds/Lab1/Static_Code/IO_Map" -I"C:\Freescale\KDS_v3\eclipse\ProcessorExpert/lib/Kinetis/pdd/inc" -I"C:/Users/jmu09/workspace.kds/Lab1/Sources" -I"C:/Users/jmu09/workspace.kds/Lab1/Generated_Code" -std=c99 -MMD -MP -MF"Sources/main.d" -MT"Sources/main.o" -c -o "Sources/main.o" "../Sources/main.c"
Finished building: ../Sources/main.c
 
Building file: ../Project_Settings/Startup_Code/startup.c
Invoking: Cross ARM C Compiler
arm-none-eabi-gcc -mcpu=cortex-m4 -mthumb -mfloat-abi=hard -mfpu=fpv4-sp-d16 -O0 -fmessage-length=0 -fsigned-char -ffunction-sections -fdata-sections  -g3 -I"C:/Users/jmu09/workspace.kds/Lab1/Static_Code/System" -I"C:/Users/jmu09/workspace.kds/Lab1/Static_Code/PDD" -I"C:/Users/jmu09/workspace.kds/Lab1/Static_Code/IO_Map" -I"C:\Freescale\KDS_v3\eclipse\ProcessorExpert/lib/Kinetis/pdd/inc" -I"C:/Users/jmu09/workspace.kds/Lab1/Sources" -I"C:/Users/jmu09/workspace.kds/Lab1/Generated_Code" -std=c99 -MMD -MP -MF"Project_Settings/Startup_Code/startup.d" -MT"Project_Settings/Startup_Code/startup.o" -c -o "Project_Settings/Startup_Code/startup.o" "../Project_Settings/Startup_Code/startup.c"
Finished building: ../Project_Settings/Startup_Code/startup.c
 
Building file: ../Generated_Code/Cpu.c
Invoking: Cross ARM C Compiler
arm-none-eabi-gcc -mcpu=cortex-m4 -mthumb -mfloat-abi=hard -mfpu=fpv4-sp-d16 -O0 -fmessage-length=0 -fsigned-char -ffunction-sections -fdata-sections  -g3 -I"C:/Users/jmu09/workspace.kds/Lab1/Static_Code/System" -I"C:/Users/jmu09/workspace.kds/Lab1/Static_Code/PDD" -I"C:/Users/jmu09/workspace.kds/Lab1/Static_Code/IO_Map" -I"C:\Freescale\KDS_v3\eclipse\ProcessorExpert/lib/Kinetis/pdd/inc" -I"C:/Users/jmu09/workspace.kds/Lab1/Sources" -I"C:/Users/jmu09/workspace.kds/Lab1/Generated_Code" -std=c99 -MMD -MP -MF"Generated_Code/Cpu.d" -MT"Generated_Code/Cpu.o" -c -o "Generated_Code/Cpu.o" "../Generated_Code/Cpu.c"
Finished building: ../Generated_Code/Cpu.c
 
Building file: ../Generated_Code/PE_LDD.c
Invoking: Cross ARM C Compiler
arm-none-eabi-gcc -mcpu=cortex-m4 -mthumb -mfloat-abi=hard -mfpu=fpv4-sp-d16 -O0 -fmessage-length=0 -fsigned-char -ffunction-sections -fdata-sections  -g3 -I"C:/Users/jmu09/workspace.kds/Lab1/Static_Code/System" -I"C:/Users/jmu09/workspace.kds/Lab1/Static_Code/PDD" -I"C:/Users/jmu09/workspace.kds/Lab1/Static_Code/IO_Map" -I"C:\Freescale\KDS_v3\eclipse\ProcessorExpert/lib/Kinetis/pdd/inc" -I"C:/Users/jmu09/workspace.kds/Lab1/Sources" -I"C:/Users/jmu09/workspace.kds/Lab1/Generated_Code" -std=c99 -MMD -MP -MF"Generated_Code/PE_LDD.d" -MT"Generated_Code/PE_LDD.o" -c -o "Generated_Code/PE_LDD.o" "../Generated_Code/PE_LDD.c"
Finished building: ../Generated_Code/PE_LDD.c
 
Building file: ../Generated_Code/pin_mux.c
Invoking: Cross ARM C Compiler
arm-none-eabi-gcc -mcpu=cortex-m4 -mthumb -mfloat-abi=hard -mfpu=fpv4-sp-d16 -O0 -fmessage-length=0 -fsigned-char -ffunction-sections -fdata-sections  -g3 -I"C:/Users/jmu09/workspace.kds/Lab1/Static_Code/System" -I"C:/Users/jmu09/workspace.kds/Lab1/Static_Code/PDD" -I"C:/Users/jmu09/workspace.kds/Lab1/Static_Code/IO_Map" -I"C:\Freescale\KDS_v3\eclipse\ProcessorExpert/lib/Kinetis/pdd/inc" -I"C:/Users/jmu09/workspace.kds/Lab1/Sources" -I"C:/Users/jmu09/workspace.kds/Lab1/Generated_Code" -std=c99 -MMD -MP -MF"Generated_Code/pin_mux.d" -MT"Generated_Code/pin_mux.o" -c -o "Generated_Code/pin_mux.o" "../Generated_Code/pin_mux.c"
Finished building: ../Generated_Code/pin_mux.c
 
Building target: Lab1.elf
Invoking: Cross ARM C++ Linker
arm-none-eabi-g++ -mcpu=cortex-m4 -mthumb -mfloat-abi=hard -mfpu=fpv4-sp-d16 -O0 -fmessage-length=0 -fsigned-char -ffunction-sections -fdata-sections  -g3 -T "C:/Users/jmu09/workspace.kds/Lab1/Project_Settings/Linker_Files/ProcessorExpert.ld" -Xlinker --gc-sections -L"C:/Users/jmu09/workspace.kds/Lab1/Project_Settings/Linker_Files" -Wl,-Map,"Lab1.map" -specs=nano.specs -specs=nosys.specs -o "Lab1.elf"  ./Static_Code/System/CPU_Init.o ./Static_Code/System/Peripherals_Init.o ./Static_Code/System/Vectors.o  ./Sources/Events.o ./Sources/main.o  ./Project_Settings/Startup_Code/startup.o  ./Generated_Code/Cpu.o ./Generated_Code/PE_LDD.o ./Generated_Code/pin_mux.o   
Finished building target: Lab1.elf
 

16:00:29 Build Finished (took 6s.615ms)

